<?xml version="1.0" encoding="UTF-8"?>
<coverage generated="1636317601">
  <project timestamp="1636317601">
    <file name="C:\Users\leoni\OneDrive\Dev\GitHub\leonid74\helpers-php\src\ArrayHelper.php">
      <class name="Leonid74\Helpers\ArrayHelper" namespace="global">
        <metrics complexity="41" methods="4" coveredmethods="4" conditionals="0" coveredconditionals="0" statements="55" coveredstatements="55" elements="59" coveredelements="59"/>
      </class>
      <line num="33" type="method" name="arrayKeyExists" visibility="public" complexity="9" crap="9" count="1"/>
      <line num="39" type="stmt" count="1"/>
      <line num="41" type="stmt" count="1"/>
      <line num="42" type="stmt" count="1"/>
      <line num="43" type="stmt" count="1"/>
      <line num="44" type="stmt" count="1"/>
      <line num="46" type="stmt" count="1"/>
      <line num="49" type="stmt" count="1"/>
      <line num="50" type="stmt" count="1"/>
      <line num="53" type="stmt" count="1"/>
      <line num="54" type="stmt" count="1"/>
      <line num="56" type="stmt" count="1"/>
      <line num="57" type="stmt" count="1"/>
      <line num="63" type="stmt" count="1"/>
      <line num="77" type="method" name="arrayValueExists" visibility="public" complexity="11" crap="11" count="1"/>
      <line num="84" type="stmt" count="1"/>
      <line num="86" type="stmt" count="1"/>
      <line num="87" type="stmt" count="1"/>
      <line num="88" type="stmt" count="1"/>
      <line num="89" type="stmt" count="1"/>
      <line num="90" type="stmt" count="1"/>
      <line num="92" type="stmt" count="1"/>
      <line num="94" type="stmt" count="1"/>
      <line num="95" type="stmt" count="1"/>
      <line num="97" type="stmt" count="1"/>
      <line num="101" type="stmt" count="1"/>
      <line num="102" type="stmt" count="1"/>
      <line num="107" type="stmt" count="1"/>
      <line num="122" type="method" name="arraySearch" visibility="public" complexity="12" crap="12" count="1"/>
      <line num="129" type="stmt" count="1"/>
      <line num="131" type="stmt" count="1"/>
      <line num="132" type="stmt" count="1"/>
      <line num="133" type="stmt" count="1"/>
      <line num="134" type="stmt" count="1"/>
      <line num="135" type="stmt" count="1"/>
      <line num="137" type="stmt" count="1"/>
      <line num="139" type="stmt" count="1"/>
      <line num="140" type="stmt" count="1"/>
      <line num="143" type="stmt" count="1"/>
      <line num="144" type="stmt" count="1"/>
      <line num="146" type="stmt" count="1"/>
      <line num="149" type="stmt" count="1"/>
      <line num="150" type="stmt" count="1"/>
      <line num="151" type="stmt" count="1"/>
      <line num="157" type="stmt" count="1"/>
      <line num="171" type="method" name="arrayStrPos" visibility="public" complexity="9" crap="9" count="1"/>
      <line num="177" type="stmt" count="1"/>
      <line num="179" type="stmt" count="1"/>
      <line num="180" type="stmt" count="1"/>
      <line num="181" type="stmt" count="1"/>
      <line num="182" type="stmt" count="1"/>
      <line num="183" type="stmt" count="1"/>
      <line num="185" type="stmt" count="1"/>
      <line num="187" type="stmt" count="1"/>
      <line num="188" type="stmt" count="1"/>
      <line num="191" type="stmt" count="1"/>
      <line num="192" type="stmt" count="1"/>
      <line num="193" type="stmt" count="1"/>
      <line num="199" type="stmt" count="1"/>
      <metrics loc="201" ncloc="142" classes="1" methods="4" coveredmethods="4" conditionals="0" coveredconditionals="0" statements="55" coveredstatements="55" elements="59" coveredelements="59"/>
    </file>
    <file name="C:\Users\leoni\OneDrive\Dev\GitHub\leonid74\helpers-php\src\FileHelper.php">
      <class name="Leonid74\Helpers\FileHelper" namespace="global">
        <metrics complexity="8" methods="2" coveredmethods="2" conditionals="0" coveredconditionals="0" statements="8" coveredstatements="8" elements="10" coveredelements="10"/>
      </class>
      <line num="28" type="method" name="getFileNameOnly" visibility="public" complexity="4" crap="4" count="1"/>
      <line num="30" type="stmt" count="1"/>
      <line num="31" type="stmt" count="1"/>
      <line num="34" type="stmt" count="1"/>
      <line num="36" type="stmt" count="1"/>
      <line num="46" type="method" name="getFileExtOnly" visibility="public" complexity="4" crap="4" count="1"/>
      <line num="48" type="stmt" count="1"/>
      <line num="49" type="stmt" count="1"/>
      <line num="52" type="stmt" count="1"/>
      <line num="54" type="stmt" count="1"/>
      <metrics loc="56" ncloc="29" classes="1" methods="2" coveredmethods="2" conditionals="0" coveredconditionals="0" statements="8" coveredstatements="8" elements="10" coveredelements="10"/>
    </file>
    <file name="C:\Users\leoni\OneDrive\Dev\GitHub\leonid74\helpers-php\src\StringHelper.php">
      <class name="Leonid74\Helpers\StringHelper" namespace="global">
        <metrics complexity="9" methods="2" coveredmethods="2" conditionals="0" coveredconditionals="0" statements="8" coveredstatements="8" elements="10" coveredelements="10"/>
      </class>
      <line num="27" type="method" name="removeBOM" visibility="public" complexity="4" crap="4" count="1"/>
      <line num="29" type="stmt" count="1"/>
      <line num="30" type="stmt" count="1"/>
      <line num="33" type="stmt" count="1"/>
      <line num="48" type="method" name="truncateString" visibility="public" complexity="5" crap="5" count="1"/>
      <line num="50" type="stmt" count="1"/>
      <line num="51" type="stmt" count="1"/>
      <line num="54" type="stmt" count="1"/>
      <line num="55" type="stmt" count="1"/>
      <line num="58" type="stmt" count="1"/>
      <metrics loc="60" ncloc="29" classes="1" methods="2" coveredmethods="2" conditionals="0" coveredconditionals="0" statements="8" coveredstatements="8" elements="10" coveredelements="10"/>
    </file>
    <file name="C:\Users\leoni\OneDrive\Dev\GitHub\leonid74\helpers-php\src\UrlHelper.php">
      <class name="Leonid74\Helpers\UrlHelper" namespace="global">
        <metrics complexity="21" methods="6" coveredmethods="6" conditionals="0" coveredconditionals="0" statements="21" coveredstatements="21" elements="27" coveredelements="27"/>
      </class>
      <line num="30" type="method" name="addTrailingSlash" visibility="public" complexity="3" crap="3" count="1"/>
      <line num="32" type="stmt" count="1"/>
      <line num="33" type="stmt" count="1"/>
      <line num="36" type="stmt" count="1"/>
      <line num="48" type="method" name="removeTrailingSlash" visibility="public" complexity="3" crap="3" count="1"/>
      <line num="50" type="stmt" count="1"/>
      <line num="51" type="stmt" count="1"/>
      <line num="54" type="stmt" count="1"/>
      <line num="67" type="method" name="prependSlash" visibility="public" complexity="3" crap="3" count="1"/>
      <line num="69" type="stmt" count="1"/>
      <line num="70" type="stmt" count="1"/>
      <line num="73" type="stmt" count="1"/>
      <line num="85" type="method" name="getHostOnly" visibility="public" complexity="4" crap="4" count="1"/>
      <line num="87" type="stmt" count="1"/>
      <line num="88" type="stmt" count="1"/>
      <line num="91" type="stmt" count="1"/>
      <line num="93" type="stmt" count="1"/>
      <line num="105" type="method" name="getHostWithScheme" visibility="public" complexity="4" crap="4" count="1"/>
      <line num="107" type="stmt" count="1"/>
      <line num="108" type="stmt" count="1"/>
      <line num="111" type="stmt" count="1"/>
      <line num="113" type="stmt" count="1"/>
      <line num="125" type="method" name="getHostWithSchemeAndPath" visibility="public" complexity="4" crap="4" count="1"/>
      <line num="127" type="stmt" count="1"/>
      <line num="128" type="stmt" count="1"/>
      <line num="131" type="stmt" count="1"/>
      <line num="133" type="stmt" count="1"/>
      <metrics loc="135" ncloc="67" classes="1" methods="6" coveredmethods="6" conditionals="0" coveredconditionals="0" statements="21" coveredstatements="21" elements="27" coveredelements="27"/>
    </file>
    <metrics files="4" loc="452" ncloc="267" classes="4" methods="14" coveredmethods="14" conditionals="0" coveredconditionals="0" statements="92" coveredstatements="92" elements="106" coveredelements="106"/>
  </project>
</coverage>
